<?xml version="1.0" encoding="UTF-8"?>
<testsuite xmlns:xsi="http://www.w3.org/2001/XMLSchema-instance" xsi:noNamespaceSchemaLocation="https://maven.apache.org/surefire/maven-surefire-plugin/xsd/surefire-test-report.xsd" name="com.mailorderpharmacy.subscription.entitytest.TokenValidTest" time="0" tests="4" errors="0" skipped="0" failures="0">
  <properties>
[...]
</properties>
  <testcase name="testUid" classname="com.mailorderpharmacy.subscription.entitytest.TokenValidTest" time="0"/>
  <testcase name="testName" classname="com.mailorderpharmacy.subscription.entitytest.TokenValidTest" time="0"/>
  <testcase name="testToString" classname="com.mailorderpharmacy.subscription.entitytest.TokenValidTest" time="0"/>
  <testcase name="testIsValid" classname="com.mailorderpharmacy.subscription.entitytest.TokenValidTest" time="0"/>
</testsuite>